<table width="100%" border="1">
<tr style="background-color: #999999;">
<th align="center">#</th>    <th align="center"> Entry ID </th>    <th align="center"> Ip Address </th>    <th align="center"> User </th>    <th align="center"> Datetime </th>    <th align="center"> Action </th>    <th align="center"> Module </th>    </tr>    <tr class="listText">
    <td align="center"> 1 </td>        <td align="center"> 1 </td>        <td align="left"> ::1 </td>        <td align="left"> root </td>        <td align="left"> 2016-04-03 02:07:04am </td>        <td align="left"> Logged in </td>        <td align="left"> /barangay/login.php </td>    </tr>    <tr class="listTextAlt">
    <td align="center"> 2 </td>        <td align="center"> 2 </td>        <td align="left"> ::1 </td>        <td align="left"> root </td>        <td align="left"> 2016-04-03 02:07:05am </td>        <td align="left"> Query Executed: UPDATE user SET `password`=?, `salt`=?, `iteration`=?, `method`=? WHERE username=?<br />
Array<br />
(<br />
    [0] =&gt; ssiss<br />
    [1] =&gt; $2y$12$bvoPGvlOQxgQb9YwOq9tNOwQxugLgcx07qSxjpJwQfO2ggO/b/sRK<br />
    [2] =&gt; bvoPGvlOQxgQb9YwOq9tNQ<br />
    [3] =&gt; 12<br />
    [4] =&gt; blowfish<br />
    [5] =&gt; root<br />
)<br />
 </td>        <td align="left"> /barangay/login.php </td>    </tr>    <tr class="listText">
    <td align="center"> 3 </td>        <td align="center"> 3 </td>        <td align="left"> ::1 </td>        <td align="left"> root </td>        <td align="left"> 2016-04-03 02:23:32am </td>        <td align="left"> Logged in </td>        <td align="left"> /barangay/login.php </td>    </tr>    <tr class="listTextAlt">
    <td align="center"> 4 </td>        <td align="center"> 4 </td>        <td align="left"> ::1 </td>        <td align="left"> root </td>        <td align="left"> 2016-04-04 07:37:58am </td>        <td align="left"> Logged in </td>        <td align="left"> /barangay/login.php </td>    </tr>    <tr class="listText">
    <td align="center"> 5 </td>        <td align="center"> 5 </td>        <td align="left"> ::1 </td>        <td align="left"> root </td>        <td align="left"> 2016-04-04 07:45:59am </td>        <td align="left"> Logged in </td>        <td align="left"> /barangay/login.php </td>    </tr>    <tr class="listTextAlt">
    <td align="center"> 6 </td>        <td align="center"> 6 </td>        <td align="left"> ::1 </td>        <td align="left"> root </td>        <td align="left"> 2016-04-04 12:56:59pm </td>        <td align="left"> Pressed submit button </td>        <td align="left"> /barangay/modules/city/reporter_city.php </td>    </tr>    <tr class="listText">
    <td align="center"> 7 </td>        <td align="center"> 7 </td>        <td align="left"> ::1 </td>        <td align="left"> root </td>        <td align="left"> 2016-04-04 01:09:35pm </td>        <td align="left"> Pressed submit button </td>        <td align="left"> /barangay/modules/bsystem/register.php </td>    </tr>    <tr class="listTextAlt">
    <td align="center"> 8 </td>        <td align="center"> 8 </td>        <td align="left"> ::1 </td>        <td align="left"> root </td>        <td align="left"> 2016-04-04 01:15:28pm </td>        <td align="left"> Query executed: SELECT s.service_name, r.service_requirement FROM service s JOIN requirement r ON s.service_id = r.service_id WHERE is_offered=&#039;yes&#039; </td>        <td align="left"> /barangay/modules/bsystem/documents.php </td>    </tr>    <tr class="listText">
    <td align="center"> 9 </td>        <td align="center"> 9 </td>        <td align="left"> ::1 </td>        <td align="left"> root </td>        <td align="left"> 2016-04-04 01:15:28pm </td>        <td align="left"> Query executed: SELECT DISTINCT service_name, service_description FROM service WHERE is_offered=&#039;yes&#039; </td>        <td align="left"> /barangay/modules/bsystem/documents.php </td>    </tr>    <tr class="listTextAlt">
    <td align="center"> 10 </td>        <td align="center"> 10 </td>        <td align="left"> ::1 </td>        <td align="left"> root </td>        <td align="left"> 2016-04-04 01:15:35pm </td>        <td align="left"> Query executed: SELECT s.service_name, r.service_requirement FROM service s JOIN requirement r ON s.service_id = r.service_id WHERE is_offered=&#039;yes&#039; </td>        <td align="left"> /barangay/modules/bsystem/documents.php </td>    </tr>    <tr class="listText">
    <td align="center"> 11 </td>        <td align="center"> 11 </td>        <td align="left"> ::1 </td>        <td align="left"> root </td>        <td align="left"> 2016-04-04 01:15:35pm </td>        <td align="left"> Query executed: SELECT DISTINCT service_name, service_description FROM service WHERE is_offered=&#039;yes&#039; </td>        <td align="left"> /barangay/modules/bsystem/documents.php </td>    </tr>    <tr class="listTextAlt">
    <td align="center"> 12 </td>        <td align="center"> 12 </td>        <td align="left"> ::1 </td>        <td align="left"> root </td>        <td align="left"> 2016-04-04 01:16:54pm </td>        <td align="left"> Query executed: SELECT bulletin_name,bulletin_description,file_document FROM bulletin WHERE category=&#039;information&#039;  </td>        <td align="left"> /barangay/modules/bsystem/home.php </td>    </tr>    <tr class="listText">
    <td align="center"> 13 </td>        <td align="center"> 13 </td>        <td align="left"> ::1 </td>        <td align="left"> root </td>        <td align="left"> 2016-04-04 01:17:10pm </td>        <td align="left"> Query executed: SELECT bulletin_name,bulletin_description,file_document FROM bulletin WHERE category=&#039;education&#039;  </td>        <td align="left"> /barangay/modules/bsystem/information.php </td>    </tr>    <tr class="listTextAlt">
    <td align="center"> 14 </td>        <td align="center"> 14 </td>        <td align="left"> ::1 </td>        <td align="left"> root </td>        <td align="left"> 2016-04-04 01:19:04pm </td>        <td align="left"> Logged in </td>        <td align="left"> /barangay/modules/bsystem/main.php </td>    </tr>    <tr class="listText">
    <td align="center"> 15 </td>        <td align="center"> 15 </td>        <td align="left"> ::1 </td>        <td align="left"> root </td>        <td align="left"> 2016-04-04 01:19:50pm </td>        <td align="left"> Logged in </td>        <td align="left"> /barangay/modules/bsystem/main.php </td>    </tr>    <tr class="listTextAlt">
    <td align="center"> 16 </td>        <td align="center"> 16 </td>        <td align="left"> ::1 </td>        <td align="left"> root </td>        <td align="left"> 2016-04-04 01:19:50pm </td>        <td align="left"> Query executed: SELECT bulletin_name,bulletin_description,file_document FROM bulletin WHERE category=&#039;information&#039;  </td>        <td align="left"> /barangay/modules/bsystem/home.php </td>    </tr>    <tr class="listText">
    <td align="center"> 17 </td>        <td align="center"> 17 </td>        <td align="left"> ::1 </td>        <td align="left"> root </td>        <td align="left"> 2016-04-04 01:20:17pm </td>        <td align="left"> Pressed cancel button </td>        <td align="left"> /barangay/modules/bsystem/register.php </td>    </tr>    <tr class="listTextAlt">
    <td align="center"> 18 </td>        <td align="center"> 18 </td>        <td align="left"> ::1 </td>        <td align="left"> root </td>        <td align="left"> 2016-04-04 01:21:04pm </td>        <td align="left"> Pressed cancel button </td>        <td align="left"> /barangay/modules/bsystem/register.php </td>    </tr>    <tr class="listText">
    <td align="center"> 19 </td>        <td align="center"> 19 </td>        <td align="left"> ::1 </td>        <td align="left"> root </td>        <td align="left"> 2016-04-04 01:21:34pm </td>        <td align="left"> Pressed submit button </td>        <td align="left"> /barangay/modules/bsystem/register.php </td>    </tr>    <tr class="listTextAlt">
    <td align="center"> 20 </td>        <td align="center"> 20 </td>        <td align="left"> ::1 </td>        <td align="left"> root </td>        <td align="left"> 2016-04-04 01:23:27pm </td>        <td align="left"> Logged in </td>        <td align="left"> /barangay/modules/bsystem/main.php </td>    </tr>    <tr class="listText">
    <td align="center"> 21 </td>        <td align="center"> 21 </td>        <td align="left"> ::1 </td>        <td align="left"> root </td>        <td align="left"> 2016-04-04 01:23:27pm </td>        <td align="left"> Query executed: SELECT bulletin_name,bulletin_description,file_document FROM bulletin WHERE category=&#039;information&#039;  </td>        <td align="left"> /barangay/modules/bsystem/home.php </td>    </tr>    <tr class="listTextAlt">
    <td align="center"> 22 </td>        <td align="center"> 22 </td>        <td align="left"> ::1 </td>        <td align="left"> root </td>        <td align="left"> 2016-04-04 01:42:22pm </td>        <td align="left"> Logged in </td>        <td align="left"> /barangay/modules/bsystem/main.php </td>    </tr>    <tr class="listText">
    <td align="center"> 23 </td>        <td align="center"> 23 </td>        <td align="left"> ::1 </td>        <td align="left"> root </td>        <td align="left"> 2016-04-04 01:42:23pm </td>        <td align="left"> Query executed: SELECT bulletin_name,bulletin_description,file_document FROM bulletin WHERE category=&#039;information&#039;  </td>        <td align="left"> /barangay/modules/bsystem/home.php </td>    </tr>    <tr class="listTextAlt">
    <td align="center"> 24 </td>        <td align="center"> 24 </td>        <td align="left"> ::1 </td>        <td align="left"> root </td>        <td align="left"> 2016-04-04 01:42:27pm </td>        <td align="left"> Query executed: SELECT s.service_name, r.service_requirement FROM service s JOIN requirement r ON s.service_id = r.service_id WHERE is_offered=&#039;yes&#039; </td>        <td align="left"> /barangay/modules/bsystem/documents.php </td>    </tr>    <tr class="listText">
    <td align="center"> 25 </td>        <td align="center"> 25 </td>        <td align="left"> ::1 </td>        <td align="left"> root </td>        <td align="left"> 2016-04-04 01:42:28pm </td>        <td align="left"> Query executed: SELECT DISTINCT service_name, service_description FROM service WHERE is_offered=&#039;yes&#039; </td>        <td align="left"> /barangay/modules/bsystem/documents.php </td>    </tr>    <tr class="listTextAlt">
    <td align="center"> 26 </td>        <td align="center"> 26 </td>        <td align="left"> ::1 </td>        <td align="left"> root </td>        <td align="left"> 2016-04-04 01:42:43pm </td>        <td align="left"> Query executed: SELECT bulletin_name,bulletin_description,file_document FROM bulletin WHERE category=&#039;education&#039;  </td>        <td align="left"> /barangay/modules/bsystem/information.php </td>    </tr>    <tr class="listText">
    <td align="center"> 27 </td>        <td align="center"> 27 </td>        <td align="left"> ::1 </td>        <td align="left"> root </td>        <td align="left"> 2016-04-04 01:48:09pm </td>        <td align="left"> Pressed submit button </td>        <td align="left"> /barangay/modules/citizen/add_citizen.php </td>    </tr>    <tr class="listTextAlt">
    <td align="center"> 28 </td>        <td align="center"> 28 </td>        <td align="left"> ::1 </td>        <td align="left"> root </td>        <td align="left"> 2016-04-04 01:48:09pm </td>        <td align="left"> Query Executed: INSERT INTO citizen(citizen_id, first_name, middle_name, last_name, gender, birth_date, birth_place, weight, height, civil_status, occupation, cellphone_number, telephone_number, region, province, city, district, barangay, zip_code, street, house_number, nationality, username, password, email_address, father_first_name, father_middle_name, father_last_name, mother_first_name, mother_middle_name, mother_last_name, proof_of_identity, proof_of_address, is_citizen, date_registered, is_official) VALUES(?,?,?,?,?,?,?,?,?,?,?,?,?,?,?,?,?,?,?,?,?,?,?,?,?,?,?,?,?,?,?,?,?,?,?,?)<br />
Array<br />
(<br />
    [0] =&gt; isssssssissiisssssisssssssssssssssss<br />
    [1] =&gt; <br />
    [2] =&gt; Arlene Diannel<br />
    [3] =&gt; Cuenca<br />
    [4] =&gt; Tabayoyong<br />
    [5] =&gt; Female<br />
    [6] =&gt; 1997-05-25<br />
    [7] =&gt; Fernando Air Base Lipa City<br />
    [8] =&gt; 46<br />
    [9] =&gt; 149<br />
    [10] =&gt; Single<br />
    [11] =&gt; Student<br />
    [12] =&gt; 09176753931<br />
    [13] =&gt; 4726255<br />
    [14] =&gt; 3<br />
    [15] =&gt; 54<br />
    [16] =&gt; 308<br />
    [17] =&gt; 1<br />
    [18] =&gt; 1<br />
    [19] =&gt; 1309<br />
    [20] =&gt; 8th 21st Street<br />
    [21] =&gt; 9005-25D<br />
    [22] =&gt; filipino<br />
    [23] =&gt; actabayoyong<br />
    [24] =&gt; qwerty<br />
    [25] =&gt; actabayoyong@student.apc.edu.ph<br />
    [26] =&gt; Dionicio<br />
    [27] =&gt; Layos<br />
    [28] =&gt; Tabayoyong<br />
    [29] =&gt; Elvie<br />
    [30] =&gt; Cuenca<br />
    [31] =&gt; Tabayoyong<br />
    [32] =&gt; 0e7690752edcda1a090a4af6a3b9721bf22fe63b2014-02-15 17.45.18.jpg<br />
    [33] =&gt; ad7cad3b6120b7e56fac41e955df50a1d3bd439d2014-02-15 17.45.06.jpg<br />
    [34] =&gt; No<br />
    [35] =&gt; 2016-04-04<br />
    [36] =&gt; No<br />
)<br />
 </td>        <td align="left"> /barangay/modules/citizen/add_citizen.php </td>    </tr>    <tr class="listText">
    <td align="center"> 29 </td>        <td align="center"> 29 </td>        <td align="left"> ::1 </td>        <td align="left"> root </td>        <td align="left"> 2016-04-04 01:48:09pm </td>        <td align="left"> Query Executed: INSERT INTO person(person_id, first_name, middle_name, last_name, gender) VALUES(?,?,?,?,?)<br />
Array<br />
(<br />
    [0] =&gt; issss<br />
    [1] =&gt; <br />
    [2] =&gt; Arlene Diannel<br />
    [3] =&gt; Cuenca<br />
    [4] =&gt; Tabayoyong<br />
    [5] =&gt; Female<br />
)<br />
 </td>        <td align="left"> /barangay/modules/citizen/add_citizen.php </td>    </tr>    <tr class="listTextAlt">
    <td align="center"> 30 </td>        <td align="center"> 30 </td>        <td align="left"> ::1 </td>        <td align="left"> root </td>        <td align="left"> 2016-04-04 01:48:57pm </td>        <td align="left"> Pressed submit button </td>        <td align="left"> /barangay/modules/citizen/edit_citizen.php </td>    </tr>    <tr class="listText">
    <td align="center"> 31 </td>        <td align="center"> 31 </td>        <td align="left"> ::1 </td>        <td align="left"> root </td>        <td align="left"> 2016-04-04 01:48:58pm </td>        <td align="left"> Query Executed: UPDATE citizen SET first_name = ?, middle_name = ?, last_name = ?, gender = ?, birth_date = ?, birth_place = ?, weight = ?, height = ?, civil_status = ?, occupation = ?, cellphone_number = ?, telephone_number = ?, region = ?, province = ?, city = ?, district = ?, barangay = ?, zip_code = ?, street = ?, house_number = ?, nationality = ?, username = ?, password = ?, email_address = ?, father_first_name = ?, father_middle_name = ?, father_last_name = ?, mother_first_name = ?, mother_middle_name = ?, mother_last_name = ?, proof_of_identity = ?, proof_of_address = ?, is_citizen = ?, date_registered = ?, is_official = ? WHERE citizen_id = ?<br />
Array<br />
(<br />
    [0] =&gt; sssssssissiisssssisssssssssssssssssi<br />
    [1] =&gt; Arlene Diannel<br />
    [2] =&gt; Cuenca<br />
    [3] =&gt; Tabayoyong<br />
    [4] =&gt; Female<br />
    [5] =&gt; 1997-05-25<br />
    [6] =&gt; Fernando Air Base Lipa City<br />
    [7] =&gt; 46.00<br />
    [8] =&gt; 149<br />
    [9] =&gt; Single<br />
    [10] =&gt; Student<br />
    [11] =&gt; 2147483647<br />
    [12] =&gt; 4726255<br />
    [13] =&gt; 3<br />
    [14] =&gt; 54<br />
    [15] =&gt; 308<br />
    [16] =&gt; 1<br />
    [17] =&gt; 1<br />
    [18] =&gt; 1309<br />
    [19] =&gt; 8th 21st Street<br />
    [20] =&gt; 9005-25D<br />
    [21] =&gt; filipino<br />
    [22] =&gt; actabayoyong<br />
    [23] =&gt; qwerty<br />
    [24] =&gt; actabayoyong@student.apc.edu.ph<br />
    [25] =&gt; Dionicio<br />
    [26] =&gt; Layos<br />
    [27] =&gt; Tabayoyong<br />
    [28] =&gt; Elvie<br />
    [29] =&gt; Cuenca<br />
    [30] =&gt; Tabayoyong<br />
    [31] =&gt; 0e7690752edcda1a090a4af6a3b9721bf22fe63b2014-02-15 17.45.18.jpg<br />
    [32] =&gt; ad7cad3b6120b7e56fac41e955df50a1d3bd439d2014-02-15 17.45.06.jpg<br />
    [33] =&gt; No<br />
    [34] =&gt; 2016-04-04<br />
    [35] =&gt; No<br />
    [36] =&gt; 1<br />
)<br />
 </td>        <td align="left"> /barangay/modules/citizen/edit_citizen.php </td>    </tr>    <tr class="listTextAlt">
    <td align="center"> 32 </td>        <td align="center"> 32 </td>        <td align="left"> ::1 </td>        <td align="left"> root </td>        <td align="left"> 2016-04-04 01:53:48pm </td>        <td align="left"> Query executed: SELECT s.service_name, r.service_requirement FROM service s JOIN requirement r ON s.service_id = r.service_id WHERE is_offered=&#039;yes&#039; </td>        <td align="left"> /barangay/modules/bsystem/documents.php </td>    </tr>    <tr class="listText">
    <td align="center"> 33 </td>        <td align="center"> 33 </td>        <td align="left"> ::1 </td>        <td align="left"> root </td>        <td align="left"> 2016-04-04 01:53:48pm </td>        <td align="left"> Query executed: SELECT DISTINCT service_name, service_description FROM service WHERE is_offered=&#039;yes&#039; </td>        <td align="left"> /barangay/modules/bsystem/documents.php </td>    </tr>    <tr class="listTextAlt">
    <td align="center"> 34 </td>        <td align="center"> 34 </td>        <td align="left"> ::1 </td>        <td align="left"> root </td>        <td align="left"> 2016-04-04 01:57:07pm </td>        <td align="left"> Query executed: SELECT bulletin_name,bulletin_description,file_document FROM bulletin WHERE category=&#039;information&#039;  </td>        <td align="left"> /barangay/modules/bsystem/home.php </td>    </tr>    <tr class="listText">
    <td align="center"> 35 </td>        <td align="center"> 35 </td>        <td align="left"> ::1 </td>        <td align="left"> root </td>        <td align="left"> 2016-04-04 01:59:04pm </td>        <td align="left"> Query executed: SELECT bulletin_name,bulletin_description,file_document FROM bulletin WHERE category=&#039;information&#039;  </td>        <td align="left"> /barangay/modules/bsystem/home.php </td>    </tr>    <tr class="listTextAlt">
    <td align="center"> 36 </td>        <td align="center"> 36 </td>        <td align="left"> ::1 </td>        <td align="left"> root </td>        <td align="left"> 2016-04-04 01:59:49pm </td>        <td align="left"> Query executed: SELECT bulletin_name,bulletin_description,file_document FROM bulletin WHERE category=&#039;information&#039;  </td>        <td align="left"> /barangay/modules/bsystem/home.php </td>    </tr>    <tr class="listText">
    <td align="center"> 37 </td>        <td align="center"> 37 </td>        <td align="left"> ::1 </td>        <td align="left"> root </td>        <td align="left"> 2016-04-04 02:04:40pm </td>        <td align="left"> Query executed: SELECT bulletin_name,bulletin_description,file_document FROM bulletin WHERE category=&#039;information&#039;  </td>        <td align="left"> /barangay/modules/bsystem/home.php </td>    </tr>    <tr class="listTextAlt">
    <td align="center"> 38 </td>        <td align="center"> 38 </td>        <td align="left"> ::1 </td>        <td align="left"> root </td>        <td align="left"> 2016-04-04 02:04:51pm </td>        <td align="left"> Logged in </td>        <td align="left"> /barangay/modules/bsystem/main.php </td>    </tr>    <tr class="listText">
    <td align="center"> 39 </td>        <td align="center"> 39 </td>        <td align="left"> ::1 </td>        <td align="left"> root </td>        <td align="left"> 2016-04-04 02:04:51pm </td>        <td align="left"> Query executed: SELECT bulletin_name,bulletin_description,file_document FROM bulletin WHERE category=&#039;information&#039;  </td>        <td align="left"> /barangay/modules/bsystem/home.php </td>    </tr>    <tr class="listTextAlt">
    <td align="center"> 40 </td>        <td align="center"> 40 </td>        <td align="left"> ::1 </td>        <td align="left"> root </td>        <td align="left"> 2016-04-04 02:11:18pm </td>        <td align="left"> Query executed: SELECT bulletin_name,bulletin_description,file_document FROM bulletin WHERE category=&#039;information&#039;  </td>        <td align="left"> /barangay/modules/bsystem/home.php </td>    </tr>    <tr class="listText">
    <td align="center"> 41 </td>        <td align="center"> 41 </td>        <td align="left"> ::1 </td>        <td align="left"> root </td>        <td align="left"> 2016-04-04 02:11:45pm </td>        <td align="left"> Query executed: SELECT bulletin_name,bulletin_description,file_document FROM bulletin WHERE category=&#039;information&#039;  </td>        <td align="left"> /barangay/modules/bsystem/home.php </td>    </tr>    <tr class="listTextAlt">
    <td align="center"> 42 </td>        <td align="center"> 42 </td>        <td align="left"> ::1 </td>        <td align="left"> root </td>        <td align="left"> 2016-04-04 02:13:16pm </td>        <td align="left"> Query executed: SELECT s.service_name, r.service_requirement FROM service s JOIN requirement r ON s.service_id = r.service_id WHERE is_offered=&#039;yes&#039; </td>        <td align="left"> /barangay/modules/bsystem/documents.php </td>    </tr>    <tr class="listText">
    <td align="center"> 43 </td>        <td align="center"> 43 </td>        <td align="left"> ::1 </td>        <td align="left"> root </td>        <td align="left"> 2016-04-04 02:13:16pm </td>        <td align="left"> Query executed: SELECT DISTINCT service_name, service_description FROM service WHERE is_offered=&#039;yes&#039; </td>        <td align="left"> /barangay/modules/bsystem/documents.php </td>    </tr>    <tr class="listTextAlt">
    <td align="center"> 44 </td>        <td align="center"> 44 </td>        <td align="left"> ::1 </td>        <td align="left"> root </td>        <td align="left"> 2016-04-04 02:13:29pm </td>        <td align="left"> Query executed: SELECT bulletin_name,bulletin_description,file_document FROM bulletin WHERE category=&#039;information&#039;  </td>        <td align="left"> /barangay/modules/bsystem/home.php </td>    </tr>    <tr class="listText">
    <td align="center"> 45 </td>        <td align="center"> 45 </td>        <td align="left"> ::1 </td>        <td align="left"> root </td>        <td align="left"> 2016-04-04 02:13:32pm </td>        <td align="left"> Query executed: SELECT s.service_name, r.service_requirement FROM service s JOIN requirement r ON s.service_id = r.service_id WHERE is_offered=&#039;yes&#039; </td>        <td align="left"> /barangay/modules/bsystem/documents.php </td>    </tr>    <tr class="listTextAlt">
    <td align="center"> 46 </td>        <td align="center"> 46 </td>        <td align="left"> ::1 </td>        <td align="left"> root </td>        <td align="left"> 2016-04-04 02:13:32pm </td>        <td align="left"> Query executed: SELECT DISTINCT service_name, service_description FROM service WHERE is_offered=&#039;yes&#039; </td>        <td align="left"> /barangay/modules/bsystem/documents.php </td>    </tr>    <tr class="listText">
    <td align="center"> 47 </td>        <td align="center"> 47 </td>        <td align="left"> ::1 </td>        <td align="left"> root </td>        <td align="left"> 2016-04-04 02:13:33pm </td>        <td align="left"> Query executed: SELECT bulletin_name,bulletin_description,file_document FROM bulletin WHERE category=&#039;education&#039;  </td>        <td align="left"> /barangay/modules/bsystem/information.php </td>    </tr>    <tr class="listTextAlt">
    <td align="center"> 48 </td>        <td align="center"> 48 </td>        <td align="left"> ::1 </td>        <td align="left"> root </td>        <td align="left"> 2016-04-04 02:13:35pm </td>        <td align="left"> Query executed: SELECT s.service_name, r.service_requirement FROM service s JOIN requirement r ON s.service_id = r.service_id WHERE is_offered=&#039;yes&#039; </td>        <td align="left"> /barangay/modules/bsystem/documents.php </td>    </tr>    <tr class="listText">
    <td align="center"> 49 </td>        <td align="center"> 49 </td>        <td align="left"> ::1 </td>        <td align="left"> root </td>        <td align="left"> 2016-04-04 02:13:35pm </td>        <td align="left"> Query executed: SELECT DISTINCT service_name, service_description FROM service WHERE is_offered=&#039;yes&#039; </td>        <td align="left"> /barangay/modules/bsystem/documents.php </td>    </tr>    <tr class="listTextAlt">
    <td align="center"> 50 </td>        <td align="center"> 50 </td>        <td align="left"> ::1 </td>        <td align="left"> root </td>        <td align="left"> 2016-04-04 02:13:57pm </td>        <td align="left"> Query executed: SELECT bulletin_name,bulletin_description,file_document FROM bulletin WHERE category=&#039;education&#039;  </td>        <td align="left"> /barangay/modules/bsystem/information.php </td>    </tr>    <tr class="listText">
    <td align="center"> 51 </td>        <td align="center"> 51 </td>        <td align="left"> ::1 </td>        <td align="left"> root </td>        <td align="left"> 2016-04-04 02:14:14pm </td>        <td align="left"> Query executed: SELECT s.service_name, r.service_requirement FROM service s JOIN requirement r ON s.service_id = r.service_id WHERE is_offered=&#039;yes&#039; </td>        <td align="left"> /barangay/modules/bsystem/documents.php </td>    </tr>    <tr class="listTextAlt">
    <td align="center"> 52 </td>        <td align="center"> 52 </td>        <td align="left"> ::1 </td>        <td align="left"> root </td>        <td align="left"> 2016-04-04 02:14:14pm </td>        <td align="left"> Query executed: SELECT DISTINCT service_name, service_description FROM service WHERE is_offered=&#039;yes&#039; </td>        <td align="left"> /barangay/modules/bsystem/documents.php </td>    </tr>    <tr class="listText">
    <td align="center"> 53 </td>        <td align="center"> 53 </td>        <td align="left"> ::1 </td>        <td align="left"> root </td>        <td align="left"> 2016-04-04 02:14:27pm </td>        <td align="left"> Query executed: SELECT s.service_name, r.service_requirement FROM service s JOIN requirement r ON s.service_id = r.service_id WHERE is_offered=&#039;yes&#039; </td>        <td align="left"> /barangay/modules/bsystem/documents.php </td>    </tr>    <tr class="listTextAlt">
    <td align="center"> 54 </td>        <td align="center"> 54 </td>        <td align="left"> ::1 </td>        <td align="left"> root </td>        <td align="left"> 2016-04-04 02:14:27pm </td>        <td align="left"> Query executed: SELECT DISTINCT service_name, service_description FROM service WHERE is_offered=&#039;yes&#039; </td>        <td align="left"> /barangay/modules/bsystem/documents.php </td>    </tr>    <tr class="listText">
    <td align="center"> 55 </td>        <td align="center"> 55 </td>        <td align="left"> ::1 </td>        <td align="left"> root </td>        <td align="left"> 2016-04-04 02:14:32pm </td>        <td align="left"> Query executed: SELECT bulletin_name,bulletin_description,file_document FROM bulletin WHERE category=&#039;education&#039;  </td>        <td align="left"> /barangay/modules/bsystem/information.php </td>    </tr>    <tr class="listTextAlt">
    <td align="center"> 56 </td>        <td align="center"> 56 </td>        <td align="left"> ::1 </td>        <td align="left"> root </td>        <td align="left"> 2016-04-04 02:15:34pm </td>        <td align="left"> Logged in </td>        <td align="left"> /barangay/modules/bsystem/main.php </td>    </tr>    <tr class="listText">
    <td align="center"> 57 </td>        <td align="center"> 57 </td>        <td align="left"> ::1 </td>        <td align="left"> root </td>        <td align="left"> 2016-04-04 02:15:34pm </td>        <td align="left"> Query executed: SELECT bulletin_name,bulletin_description,file_document FROM bulletin WHERE category=&#039;information&#039;  </td>        <td align="left"> /barangay/modules/bsystem/home.php </td>    </tr>    <tr class="listTextAlt">
    <td align="center"> 58 </td>        <td align="center"> 58 </td>        <td align="left"> ::1 </td>        <td align="left"> root </td>        <td align="left"> 2016-04-04 02:17:04pm </td>        <td align="left"> Query executed: SELECT bulletin_name,bulletin_description,file_document FROM bulletin WHERE category=&#039;information&#039;  </td>        <td align="left"> /barangay/modules/bsystem/home.php </td>    </tr>    <tr class="listText">
    <td align="center"> 59 </td>        <td align="center"> 59 </td>        <td align="left"> ::1 </td>        <td align="left"> root </td>        <td align="left"> 2016-04-04 02:17:07pm </td>        <td align="left"> Query executed: SELECT s.service_name, r.service_requirement FROM service s JOIN requirement r ON s.service_id = r.service_id WHERE is_offered=&#039;yes&#039; </td>        <td align="left"> /barangay/modules/bsystem/documents.php </td>    </tr>    <tr class="listTextAlt">
    <td align="center"> 60 </td>        <td align="center"> 60 </td>        <td align="left"> ::1 </td>        <td align="left"> root </td>        <td align="left"> 2016-04-04 02:17:07pm </td>        <td align="left"> Query executed: SELECT DISTINCT service_name, service_description FROM service WHERE is_offered=&#039;yes&#039; </td>        <td align="left"> /barangay/modules/bsystem/documents.php </td>    </tr>    <tr class="listText">
    <td align="center"> 61 </td>        <td align="center"> 61 </td>        <td align="left"> ::1 </td>        <td align="left"> root </td>        <td align="left"> 2016-04-04 02:17:38pm </td>        <td align="left"> Query executed: SELECT s.service_name, r.service_requirement FROM service s JOIN requirement r ON s.service_id = r.service_id WHERE is_offered=&#039;yes&#039; </td>        <td align="left"> /barangay/modules/bsystem/documents.php </td>    </tr>    <tr class="listTextAlt">
    <td align="center"> 62 </td>        <td align="center"> 62 </td>        <td align="left"> ::1 </td>        <td align="left"> root </td>        <td align="left"> 2016-04-04 02:17:38pm </td>        <td align="left"> Query executed: SELECT DISTINCT service_name, service_description FROM service WHERE is_offered=&#039;yes&#039; </td>        <td align="left"> /barangay/modules/bsystem/documents.php </td>    </tr>    <tr class="listText">
    <td align="center"> 63 </td>        <td align="center"> 63 </td>        <td align="left"> ::1 </td>        <td align="left"> root </td>        <td align="left"> 2016-04-04 02:17:40pm </td>        <td align="left"> Query executed: SELECT bulletin_name,bulletin_description,file_document FROM bulletin WHERE category=&#039;education&#039;  </td>        <td align="left"> /barangay/modules/bsystem/information.php </td>    </tr>    <tr class="listTextAlt">
    <td align="center"> 64 </td>        <td align="center"> 64 </td>        <td align="left"> ::1 </td>        <td align="left"> root </td>        <td align="left"> 2016-04-04 02:17:57pm </td>        <td align="left"> Query executed: SELECT bulletin_name,bulletin_description,file_document FROM bulletin WHERE category=&#039;education&#039;  </td>        <td align="left"> /barangay/modules/bsystem/information.php </td>    </tr>    <tr class="listText">
    <td align="center"> 65 </td>        <td align="center"> 65 </td>        <td align="left"> ::1 </td>        <td align="left"> root </td>        <td align="left"> 2016-04-04 02:21:29pm </td>        <td align="left"> Logged in </td>        <td align="left"> /barangay/modules/bsystem/main.php </td>    </tr>    <tr class="listTextAlt">
    <td align="center"> 66 </td>        <td align="center"> 66 </td>        <td align="left"> ::1 </td>        <td align="left"> root </td>        <td align="left"> 2016-04-04 02:21:29pm </td>        <td align="left"> Query executed: SELECT bulletin_name,bulletin_description,file_document FROM bulletin WHERE category=&#039;information&#039;  </td>        <td align="left"> /barangay/modules/bsystem/home.php </td>    </tr>    <tr class="listText">
    <td align="center"> 67 </td>        <td align="center"> 67 </td>        <td align="left"> ::1 </td>        <td align="left"> root </td>        <td align="left"> 2016-04-04 02:22:56pm </td>        <td align="left"> Query executed: SELECT bulletin_name,bulletin_description,file_document FROM bulletin WHERE category=&#039;education&#039;  </td>        <td align="left"> /barangay/modules/bsystem/information.php </td>    </tr>    <tr class="listTextAlt">
    <td align="center"> 68 </td>        <td align="center"> 68 </td>        <td align="left"> ::1 </td>        <td align="left"> root </td>        <td align="left"> 2016-04-04 02:22:57pm </td>        <td align="left"> Query executed: SELECT s.service_name, r.service_requirement FROM service s JOIN requirement r ON s.service_id = r.service_id WHERE is_offered=&#039;yes&#039; </td>        <td align="left"> /barangay/modules/bsystem/documents.php </td>    </tr>    <tr class="listText">
    <td align="center"> 69 </td>        <td align="center"> 69 </td>        <td align="left"> ::1 </td>        <td align="left"> root </td>        <td align="left"> 2016-04-04 02:22:57pm </td>        <td align="left"> Query executed: SELECT DISTINCT service_name, service_description FROM service WHERE is_offered=&#039;yes&#039; </td>        <td align="left"> /barangay/modules/bsystem/documents.php </td>    </tr>    <tr class="listTextAlt">
    <td align="center"> 70 </td>        <td align="center"> 70 </td>        <td align="left"> ::1 </td>        <td align="left"> root </td>        <td align="left"> 2016-04-04 02:22:58pm </td>        <td align="left"> Query executed: SELECT bulletin_name,bulletin_description,file_document FROM bulletin WHERE category=&#039;information&#039;  </td>        <td align="left"> /barangay/modules/bsystem/home.php </td>    </tr>    <tr class="listText">
    <td align="center"> 71 </td>        <td align="center"> 71 </td>        <td align="left"> ::1 </td>        <td align="left"> root </td>        <td align="left"> 2016-04-04 02:27:19pm </td>        <td align="left"> Pressed submit button </td>        <td align="left"> /barangay/modules/bsystem/register.php </td>    </tr>    <tr class="listTextAlt">
    <td align="center"> 72 </td>        <td align="center"> 72 </td>        <td align="left"> ::1 </td>        <td align="left"> root </td>        <td align="left"> 2016-04-04 02:27:19pm </td>        <td align="left"> Query Executed: INSERT INTO citizen(citizen_id, first_name, middle_name, last_name, gender, birth_date, birth_place, weight, height, civil_status, occupation, cellphone_number, telephone_number, region, province, city, district, barangay, zip_code, street, house_number, nationality, username, password, email_address, father_first_name, father_middle_name, father_last_name, mother_first_name, mother_middle_name, mother_last_name, proof_of_identity, proof_of_address, is_citizen, date_registered, is_official) VALUES(?,?,?,?,?,?,?,?,?,?,?,?,?,?,?,?,?,?,?,?,?,?,?,?,?,?,?,?,?,?,?,?,?,?,?,?)<br />
Array<br />
(<br />
    [0] =&gt; isssssssissiisssssisssssssssssssssss<br />
    [1] =&gt; <br />
    [2] =&gt; hbdsh<br />
    [3] =&gt; djfh<br />
    [4] =&gt; ghbedh<br />
    [5] =&gt; Female<br />
    [6] =&gt; 2016-04-04<br />
    [7] =&gt; hdsb<br />
    [8] =&gt; 87<br />
    [9] =&gt; 87<br />
    [10] =&gt; Single<br />
    [11] =&gt; sjgdhf<br />
    [12] =&gt; 23456789098<br />
    [13] =&gt; 7654323<br />
    [14] =&gt; 3<br />
    [15] =&gt; 54<br />
    [16] =&gt; 308<br />
    [17] =&gt; 1<br />
    [18] =&gt; 1<br />
    [19] =&gt; 1344<br />
    [20] =&gt; jdhgb<br />
    [21] =&gt; 9887<br />
    [22] =&gt; hsdbvh<br />
    [23] =&gt; krlagman<br />
    [24] =&gt; qwerty<br />
    [25] =&gt; kamila@sample.com<br />
    [26] =&gt; sdhgfv<br />
    [27] =&gt; bdsh<br />
    [28] =&gt; hdbvh<br />
    [29] =&gt; hcbv<br />
    [30] =&gt; sdhbv<br />
    [31] =&gt; hbfdh<br />
    [32] =&gt; 109dce75b2880f9646b21a29b630b2889b6ad11a2014-02-15 22.29.19.jpg<br />
    [33] =&gt; 25166af754fc9f717e2cbda103ce9d07ed5e1ede2014-02-15 22.29.19.jpg<br />
    [34] =&gt; No<br />
    [35] =&gt; 2016-04-04<br />
    [36] =&gt; No<br />
)<br />
 </td>        <td align="left"> /barangay/modules/bsystem/register.php </td>    </tr>    <tr class="listText">
    <td align="center"> 73 </td>        <td align="center"> 73 </td>        <td align="left"> ::1 </td>        <td align="left"> root </td>        <td align="left"> 2016-04-04 02:27:19pm </td>        <td align="left"> Query Executed: INSERT INTO person(person_id, first_name, middle_name, last_name, gender) VALUES(?,?,?,?,?)<br />
Array<br />
(<br />
    [0] =&gt; issss<br />
    [1] =&gt; <br />
    [2] =&gt; hbdsh<br />
    [3] =&gt; djfh<br />
    [4] =&gt; ghbedh<br />
    [5] =&gt; Female<br />
)<br />
 </td>        <td align="left"> /barangay/modules/bsystem/register.php </td>    </tr>    <tr class="listTextAlt">
    <td align="center"> 74 </td>        <td align="center"> 74 </td>        <td align="left"> ::1 </td>        <td align="left"> root </td>        <td align="left"> 2016-04-04 02:27:20pm </td>        <td align="left"> Query Executed: INSERT INTO user(username, password, salt, iteration, method, person_id, role_id, skin_id) VALUES(?,?,?,?,?,?,?,?)<br />
Array<br />
(<br />
    [0] =&gt; sssisiii<br />
    [1] =&gt; krlagman<br />
    [2] =&gt; $2y$12$9UoPOY2XfYcH5NRiZWbHNOUcwJbuNSFV2wsGKTJXT0hZbc41koUy2<br />
    [3] =&gt; 9UoPOY2XfYcH5NRiZWbHNQ<br />
    [4] =&gt; 12<br />
    [5] =&gt; blowfish<br />
    [6] =&gt; 3<br />
    [7] =&gt; 1<br />
    [8] =&gt; 1<br />
)<br />
 </td>        <td align="left"> /barangay/modules/bsystem/register.php </td>    </tr>    <tr class="listText">
    <td align="center"> 75 </td>        <td align="center"> 75 </td>        <td align="left"> ::1 </td>        <td align="left"> root </td>        <td align="left"> 2016-04-04 02:27:20pm </td>        <td align="left"> Query executed: INSERT `user_passport` SELECT &#039;krlagman&#039;, `link_id` FROM user_role_links WHERE role_id=&#039;1&#039; </td>        <td align="left"> /barangay/modules/bsystem/register.php </td>    </tr>    <tr class="listTextAlt">
    <td align="center"> 76 </td>        <td align="center"> 76 </td>        <td align="left"> ::1 </td>        <td align="left"> krlagman </td>        <td align="left"> 2016-04-04 02:27:28pm </td>        <td align="left"> Logged in </td>        <td align="left"> /barangay/modules/bsystem/main.php </td>    </tr>    <tr class="listText">
    <td align="center"> 77 </td>        <td align="center"> 77 </td>        <td align="left"> ::1 </td>        <td align="left"> krlagman </td>        <td align="left"> 2016-04-04 02:27:28pm </td>        <td align="left"> Query executed: SELECT bulletin_name,bulletin_description,file_document FROM bulletin WHERE category=&#039;information&#039;  </td>        <td align="left"> /barangay/modules/bsystem/home.php </td>    </tr>    <tr class="listTextAlt">
    <td align="center"> 78 </td>        <td align="center"> 78 </td>        <td align="left"> ::1 </td>        <td align="left"> krlagman </td>        <td align="left"> 2016-04-04 02:42:27pm </td>        <td align="left"> Logged in </td>        <td align="left"> /barangay/modules/bsystem/main.php </td>    </tr>    <tr class="listText">
    <td align="center"> 79 </td>        <td align="center"> 79 </td>        <td align="left"> ::1 </td>        <td align="left"> krlagman </td>        <td align="left"> 2016-04-04 02:42:28pm </td>        <td align="left"> Query executed: SELECT bulletin_name,bulletin_description,file_document FROM bulletin WHERE category=&#039;information&#039;  </td>        <td align="left"> /barangay/modules/bsystem/home.php </td>    </tr>    <tr class="listTextAlt">
    <td align="center"> 80 </td>        <td align="center"> 80 </td>        <td align="left"> ::1 </td>        <td align="left"> krlagman </td>        <td align="left"> 2016-04-04 02:43:53pm </td>        <td align="left"> Query executed: SELECT s.service_name, r.service_requirement FROM service s JOIN requirement r ON s.service_id = r.service_id WHERE is_offered=&#039;yes&#039; </td>        <td align="left"> /barangay/modules/bsystem/documents.php </td>    </tr>    <tr class="listText">
    <td align="center"> 81 </td>        <td align="center"> 81 </td>        <td align="left"> ::1 </td>        <td align="left"> krlagman </td>        <td align="left"> 2016-04-04 02:43:53pm </td>        <td align="left"> Query executed: SELECT DISTINCT service_name, service_description FROM service WHERE is_offered=&#039;yes&#039; </td>        <td align="left"> /barangay/modules/bsystem/documents.php </td>    </tr>    <tr class="listTextAlt">
    <td align="center"> 82 </td>        <td align="center"> 82 </td>        <td align="left"> ::1 </td>        <td align="left"> krlagman </td>        <td align="left"> 2016-04-04 02:43:56pm </td>        <td align="left"> Query executed: SELECT bulletin_name,bulletin_description,file_document FROM bulletin WHERE category=&#039;education&#039;  </td>        <td align="left"> /barangay/modules/bsystem/information.php </td>    </tr>    <tr class="listText">
    <td align="center"> 83 </td>        <td align="center"> 83 </td>        <td align="left"> ::1 </td>        <td align="left"> krlagman </td>        <td align="left"> 2016-04-04 02:44:05pm </td>        <td align="left"> Query executed: SELECT s.service_name, r.service_requirement FROM service s JOIN requirement r ON s.service_id = r.service_id WHERE is_offered=&#039;yes&#039; </td>        <td align="left"> /barangay/modules/bsystem/documents.php </td>    </tr>    <tr class="listTextAlt">
    <td align="center"> 84 </td>        <td align="center"> 84 </td>        <td align="left"> ::1 </td>        <td align="left"> krlagman </td>        <td align="left"> 2016-04-04 02:44:05pm </td>        <td align="left"> Query executed: SELECT DISTINCT service_name, service_description FROM service WHERE is_offered=&#039;yes&#039; </td>        <td align="left"> /barangay/modules/bsystem/documents.php </td>    </tr>    <tr class="listText">
    <td align="center"> 85 </td>        <td align="center"> 85 </td>        <td align="left"> ::1 </td>        <td align="left"> krlagman </td>        <td align="left"> 2016-04-04 02:44:07pm </td>        <td align="left"> Query executed: SELECT bulletin_name,bulletin_description,file_document FROM bulletin WHERE category=&#039;information&#039;  </td>        <td align="left"> /barangay/modules/bsystem/home.php </td>    </tr>    <tr class="listTextAlt">
    <td align="center"> 86 </td>        <td align="center"> 86 </td>        <td align="left"> ::1 </td>        <td align="left"> krlagman </td>        <td align="left"> 2016-04-04 02:44:08pm </td>        <td align="left"> Query executed: SELECT s.service_name, r.service_requirement FROM service s JOIN requirement r ON s.service_id = r.service_id WHERE is_offered=&#039;yes&#039; </td>        <td align="left"> /barangay/modules/bsystem/documents.php </td>    </tr>    <tr class="listText">
    <td align="center"> 87 </td>        <td align="center"> 87 </td>        <td align="left"> ::1 </td>        <td align="left"> krlagman </td>        <td align="left"> 2016-04-04 02:44:08pm </td>        <td align="left"> Query executed: SELECT DISTINCT service_name, service_description FROM service WHERE is_offered=&#039;yes&#039; </td>        <td align="left"> /barangay/modules/bsystem/documents.php </td>    </tr>    <tr class="listTextAlt">
    <td align="center"> 88 </td>        <td align="center"> 88 </td>        <td align="left"> ::1 </td>        <td align="left"> krlagman </td>        <td align="left"> 2016-04-04 02:44:25pm </td>        <td align="left"> Query executed: SELECT bulletin_name,bulletin_description,file_document FROM bulletin WHERE category=&#039;education&#039;  </td>        <td align="left"> /barangay/modules/bsystem/information.php </td>    </tr>    <tr class="listText">
    <td align="center"> 89 </td>        <td align="center"> 89 </td>        <td align="left"> ::1 </td>        <td align="left"> krlagman </td>        <td align="left"> 2016-04-04 02:44:27pm </td>        <td align="left"> Query executed: SELECT s.service_name, r.service_requirement FROM service s JOIN requirement r ON s.service_id = r.service_id WHERE is_offered=&#039;yes&#039; </td>        <td align="left"> /barangay/modules/bsystem/documents.php </td>    </tr>    <tr class="listTextAlt">
    <td align="center"> 90 </td>        <td align="center"> 90 </td>        <td align="left"> ::1 </td>        <td align="left"> krlagman </td>        <td align="left"> 2016-04-04 02:44:27pm </td>        <td align="left"> Query executed: SELECT DISTINCT service_name, service_description FROM service WHERE is_offered=&#039;yes&#039; </td>        <td align="left"> /barangay/modules/bsystem/documents.php </td>    </tr>    <tr class="listText">
    <td align="center"> 91 </td>        <td align="center"> 91 </td>        <td align="left"> ::1 </td>        <td align="left"> krlagman </td>        <td align="left"> 2016-04-04 11:01:53pm </td>        <td align="left"> Pressed cancel button </td>        <td align="left"> /barangay/modules/citizen/listview_citizen.php </td>    </tr>    <tr class="listTextAlt">
    <td align="center"> 92 </td>        <td align="center"> 92 </td>        <td align="left"> ::1 </td>        <td align="left"> krlagman </td>        <td align="left"> 2016-04-04 11:16:36pm </td>        <td align="left"> Pressed submit button </td>        <td align="left"> /barangay/modules/province/reporter_province.php </td>    </tr>    <tr class="listText">
    <td align="center"> 93 </td>        <td align="center"> 93 </td>        <td align="left"> ::1 </td>        <td align="left"> krlagman </td>        <td align="left"> 2016-04-04 11:17:46pm </td>        <td align="left"> Logged in </td>        <td align="left"> /barangay/modules/bsystem/main.php </td>    </tr>    <tr class="listTextAlt">
    <td align="center"> 94 </td>        <td align="center"> 94 </td>        <td align="left"> ::1 </td>        <td align="left"> krlagman </td>        <td align="left"> 2016-04-04 11:17:46pm </td>        <td align="left"> Query executed: SELECT bulletin_name,bulletin_description,file_document FROM bulletin WHERE category=&#039;information&#039;  </td>        <td align="left"> /barangay/modules/bsystem/home.php </td>    </tr>    <tr class="listText">
    <td align="center"> 95 </td>        <td align="center"> 95 </td>        <td align="left"> ::1 </td>        <td align="left"> krlagman </td>        <td align="left"> 2016-04-04 11:18:17pm </td>        <td align="left"> Query executed: SELECT s.service_name, r.service_requirement FROM service s JOIN requirement r ON s.service_id = r.service_id WHERE is_offered=&#039;yes&#039; </td>        <td align="left"> /barangay/modules/bsystem/documents.php </td>    </tr>    <tr class="listTextAlt">
    <td align="center"> 96 </td>        <td align="center"> 96 </td>        <td align="left"> ::1 </td>        <td align="left"> krlagman </td>        <td align="left"> 2016-04-04 11:18:17pm </td>        <td align="left"> Query executed: SELECT DISTINCT service_name, service_description FROM service WHERE is_offered=&#039;yes&#039; </td>        <td align="left"> /barangay/modules/bsystem/documents.php </td>    </tr>    <tr class="listText">
    <td align="center"> 97 </td>        <td align="center"> 97 </td>        <td align="left"> ::1 </td>        <td align="left"> krlagman </td>        <td align="left"> 2016-04-04 11:18:44pm </td>        <td align="left"> Query executed: SELECT bulletin_name,bulletin_description,file_document FROM bulletin WHERE category=&#039;education&#039;  </td>        <td align="left"> /barangay/modules/bsystem/information.php </td>    </tr>    <tr class="listTextAlt">
    <td align="center"> 98 </td>        <td align="center"> 98 </td>        <td align="left"> ::1 </td>        <td align="left"> krlagman </td>        <td align="left"> 2016-04-04 11:18:54pm </td>        <td align="left"> Query executed: SELECT bulletin_name,bulletin_description,file_document FROM bulletin WHERE category=&#039;education&#039;  </td>        <td align="left"> /barangay/modules/bsystem/information.php </td>    </tr>    <tr class="listText">
    <td align="center"> 99 </td>        <td align="center"> 99 </td>        <td align="left"> ::1 </td>        <td align="left"> krlagman </td>        <td align="left"> 2016-04-04 11:30:08pm </td>        <td align="left"> Logged in </td>        <td align="left"> /barangay/modules/bsystem/main.php </td>    </tr>    <tr class="listTextAlt">
    <td align="center"> 100 </td>        <td align="center"> 100 </td>        <td align="left"> ::1 </td>        <td align="left"> krlagman </td>        <td align="left"> 2016-04-04 11:30:08pm </td>        <td align="left"> Query executed: SELECT bulletin_name,bulletin_description,file_document FROM bulletin WHERE category=&#039;information&#039;  </td>        <td align="left"> /barangay/modules/bsystem/home.php </td>    </tr>    <tr class="listText">
    <td align="center"> 101 </td>        <td align="center"> 101 </td>        <td align="left"> ::1 </td>        <td align="left"> krlagman </td>        <td align="left"> 2016-04-04 11:30:13pm </td>        <td align="left"> Query executed: SELECT bulletin_name,bulletin_description,file_document FROM bulletin WHERE category=&#039;education&#039;  </td>        <td align="left"> /barangay/modules/bsystem/information.php </td>    </tr>    <tr class="listTextAlt">
    <td align="center"> 102 </td>        <td align="center"> 102 </td>        <td align="left"> ::1 </td>        <td align="left"> krlagman </td>        <td align="left"> 2016-04-04 11:30:17pm </td>        <td align="left"> Query executed: SELECT s.service_name, r.service_requirement FROM service s JOIN requirement r ON s.service_id = r.service_id WHERE is_offered=&#039;yes&#039; </td>        <td align="left"> /barangay/modules/bsystem/documents.php </td>    </tr>    <tr class="listText">
    <td align="center"> 103 </td>        <td align="center"> 103 </td>        <td align="left"> ::1 </td>        <td align="left"> krlagman </td>        <td align="left"> 2016-04-04 11:30:17pm </td>        <td align="left"> Query executed: SELECT DISTINCT service_name, service_description FROM service WHERE is_offered=&#039;yes&#039; </td>        <td align="left"> /barangay/modules/bsystem/documents.php </td>    </tr>    <tr class="listTextAlt">
    <td align="center"> 104 </td>        <td align="center"> 104 </td>        <td align="left"> ::1 </td>        <td align="left"> root </td>        <td align="left"> 2016-04-04 11:36:20pm </td>        <td align="left"> Logged in </td>        <td align="left"> /barangay/modules/bsystem/main.php </td>    </tr>    <tr class="listText">
    <td align="center"> 105 </td>        <td align="center"> 105 </td>        <td align="left"> ::1 </td>        <td align="left"> root </td>        <td align="left"> 2016-04-04 11:36:20pm </td>        <td align="left"> Query executed: SELECT bulletin_name,bulletin_description,file_document FROM bulletin WHERE category=&#039;information&#039;  </td>        <td align="left"> /barangay/modules/bsystem/home.php </td>    </tr>    <tr class="listTextAlt">
    <td align="center"> 106 </td>        <td align="center"> 106 </td>        <td align="left"> ::1 </td>        <td align="left"> krlagman </td>        <td align="left"> 2016-04-04 11:37:55pm </td>        <td align="left"> Logged in </td>        <td align="left"> /barangay/modules/bsystem/main.php </td>    </tr>    <tr class="listText">
    <td align="center"> 107 </td>        <td align="center"> 107 </td>        <td align="left"> ::1 </td>        <td align="left"> krlagman </td>        <td align="left"> 2016-04-04 11:37:55pm </td>        <td align="left"> Query executed: SELECT bulletin_name,bulletin_description,file_document FROM bulletin WHERE category=&#039;information&#039;  </td>        <td align="left"> /barangay/modules/bsystem/home.php </td>    </tr>    <tr class="listTextAlt">
    <td align="center"> 108 </td>        <td align="center"> 108 </td>        <td align="left"> ::1 </td>        <td align="left"> krlagman </td>        <td align="left"> 2016-04-04 11:38:01pm </td>        <td align="left"> Query executed: SELECT s.service_name, r.service_requirement FROM service s JOIN requirement r ON s.service_id = r.service_id WHERE is_offered=&#039;yes&#039; </td>        <td align="left"> /barangay/modules/bsystem/documents.php </td>    </tr>    <tr class="listText">
    <td align="center"> 109 </td>        <td align="center"> 109 </td>        <td align="left"> ::1 </td>        <td align="left"> krlagman </td>        <td align="left"> 2016-04-04 11:38:01pm </td>        <td align="left"> Query executed: SELECT DISTINCT service_name, service_description FROM service WHERE is_offered=&#039;yes&#039; </td>        <td align="left"> /barangay/modules/bsystem/documents.php </td>    </tr>    <tr class="listTextAlt">
    <td align="center"> 110 </td>        <td align="center"> 110 </td>        <td align="left"> ::1 </td>        <td align="left"> krlagman </td>        <td align="left"> 2016-04-04 11:38:10pm </td>        <td align="left"> Query executed: SELECT s.service_name, r.service_requirement FROM service s JOIN requirement r ON s.service_id = r.service_id WHERE is_offered=&#039;yes&#039; </td>        <td align="left"> /barangay/modules/bsystem/documents.php </td>    </tr>    <tr class="listText">
    <td align="center"> 111 </td>        <td align="center"> 111 </td>        <td align="left"> ::1 </td>        <td align="left"> krlagman </td>        <td align="left"> 2016-04-04 11:38:10pm </td>        <td align="left"> Query executed: SELECT DISTINCT service_name, service_description FROM service WHERE is_offered=&#039;yes&#039; </td>        <td align="left"> /barangay/modules/bsystem/documents.php </td>    </tr>    <tr class="listTextAlt">
    <td align="center"> 112 </td>        <td align="center"> 112 </td>        <td align="left"> ::1 </td>        <td align="left"> krlagman </td>        <td align="left"> 2016-04-04 11:38:12pm </td>        <td align="left"> Query executed: SELECT bulletin_name,bulletin_description,file_document FROM bulletin WHERE category=&#039;information&#039;  </td>        <td align="left"> /barangay/modules/bsystem/home.php </td>    </tr>    <tr class="listText">
    <td align="center"> 113 </td>        <td align="center"> 113 </td>        <td align="left"> ::1 </td>        <td align="left"> krlagman </td>        <td align="left"> 2016-04-04 11:38:13pm </td>        <td align="left"> Query executed: SELECT bulletin_name,bulletin_description,file_document FROM bulletin WHERE category=&#039;education&#039;  </td>        <td align="left"> /barangay/modules/bsystem/information.php </td>    </tr>    <tr class="listTextAlt">
    <td align="center"> 114 </td>        <td align="center"> 114 </td>        <td align="left"> ::1 </td>        <td align="left"> krlagman </td>        <td align="left"> 2016-04-04 11:38:30pm </td>        <td align="left"> Query executed: SELECT bulletin_name,bulletin_description,file_document FROM bulletin WHERE category=&#039;education&#039;  </td>        <td align="left"> /barangay/modules/bsystem/information.php </td>    </tr>    <tr class="listText">
    <td align="center"> 115 </td>        <td align="center"> 115 </td>        <td align="left"> ::1 </td>        <td align="left"> krlagman </td>        <td align="left"> 2016-04-04 11:38:45pm </td>        <td align="left"> Query executed: SELECT s.service_name, r.service_requirement FROM service s JOIN requirement r ON s.service_id = r.service_id WHERE is_offered=&#039;yes&#039; </td>        <td align="left"> /barangay/modules/bsystem/documents.php </td>    </tr>    <tr class="listTextAlt">
    <td align="center"> 116 </td>        <td align="center"> 116 </td>        <td align="left"> ::1 </td>        <td align="left"> krlagman </td>        <td align="left"> 2016-04-04 11:38:45pm </td>        <td align="left"> Query executed: SELECT DISTINCT service_name, service_description FROM service WHERE is_offered=&#039;yes&#039; </td>        <td align="left"> /barangay/modules/bsystem/documents.php </td>    </tr>    <tr class="listText">
    <td align="center"> 117 </td>        <td align="center"> 117 </td>        <td align="left"> ::1 </td>        <td align="left"> krlagman </td>        <td align="left"> 2016-04-06 12:30:56pm </td>        <td align="left"> Logged in </td>        <td align="left"> /barangay/modules/bsystem/main.php </td>    </tr>    <tr class="listTextAlt">
    <td align="center"> 118 </td>        <td align="center"> 118 </td>        <td align="left"> ::1 </td>        <td align="left"> krlagman </td>        <td align="left"> 2016-04-06 12:30:56pm </td>        <td align="left"> Query executed: SELECT bulletin_name,bulletin_description,file_document FROM bulletin WHERE category=&#039;information&#039;  </td>        <td align="left"> /barangay/modules/bsystem/home.php </td>    </tr>    <tr class="listText">
    <td align="center"> 119 </td>        <td align="center"> 119 </td>        <td align="left"> ::1 </td>        <td align="left"> krlagman </td>        <td align="left"> 2016-04-06 12:32:33pm </td>        <td align="left"> Pressed cancel button </td>        <td align="left"> /barangay/sysadmin/add_user_role.php </td>    </tr>    <tr class="listTextAlt">
    <td align="center"> 120 </td>        <td align="center"> 120 </td>        <td align="left"> ::1 </td>        <td align="left"> krlagman </td>        <td align="left"> 2016-04-06 12:34:30pm </td>        <td align="left"> Pressed submit button </td>        <td align="left"> /barangay/sysadmin/add_user_role.php </td>    </tr>    <tr class="listText">
    <td align="center"> 121 </td>        <td align="center"> 121 </td>        <td align="left"> ::1 </td>        <td align="left"> krlagman </td>        <td align="left"> 2016-04-06 12:34:31pm </td>        <td align="left"> Query Executed: INSERT INTO user_role(role_id, role, description) VALUES(?,?,?)<br />
Array<br />
(<br />
    [0] =&gt; iss<br />
    [1] =&gt; <br />
    [2] =&gt; Citizen<br />
    [3] =&gt; hi<br />
)<br />
 </td>        <td align="left"> /barangay/sysadmin/add_user_role.php </td>    </tr>    <tr class="listTextAlt">
    <td align="center"> 122 </td>        <td align="center"> 122 </td>        <td align="left"> ::1 </td>        <td align="left"> krlagman </td>        <td align="left"> 2016-04-06 12:35:17pm </td>        <td align="left"> Query executed: DELETE FROM user_role_links WHERE role_id=&#039;3&#039; AND link_id IN (&#039;37&#039;,&#039;38&#039;,&#039;39&#039;,&#039;40&#039;,&#039;41&#039;,&#039;42&#039;,&#039;43&#039;,&#039;44&#039;,&#039;45&#039;,&#039;46&#039;,&#039;47&#039;,&#039;48&#039;,&#039;49&#039;,&#039;50&#039;,&#039;51&#039;,&#039;52&#039;,&#039;53&#039;,&#039;54&#039;,&#039;55&#039;,&#039;56&#039;,&#039;57&#039;,&#039;58&#039;,&#039;59&#039;,&#039;60&#039;,&#039;61&#039;,&#039;62&#039;,&#039;63&#039;,&#039;64&#039;,&#039;65&#039;,&#039;66&#039;,&#039;67&#039;,&#039;68&#039;,&#039;69&#039;,&#039;70&#039;,&#039;71&#039;,&#039;72&#039;,&#039;73&#039;,&#039;74&#039;,&#039;75&#039;,&#039;76&#039;,&#039;77&#039;,&#039;78&#039;,&#039;79&#039;,&#039;80&#039;,&#039;81&#039;,&#039;82&#039;,&#039;83&#039;,&#039;84&#039;,&#039;85&#039;,&#039;86&#039;,&#039;87&#039;,&#039;88&#039;) </td>        <td align="left"> /barangay/sysadmin/role_permissions.php </td>    </tr>    <tr class="listText">
    <td align="center"> 123 </td>        <td align="center"> 123 </td>        <td align="left"> ::1 </td>        <td align="left"> krlagman </td>        <td align="left"> 2016-04-06 12:35:17pm </td>        <td align="left"> Query executed: INSERT INTO user_role_links(role_id, link_id) VALUES(&#039;3&#039;, &#039;45&#039;) </td>        <td align="left"> /barangay/sysadmin/role_permissions.php </td>    </tr>    <tr class="listTextAlt">
    <td align="center"> 124 </td>        <td align="center"> 124 </td>        <td align="left"> ::1 </td>        <td align="left"> krlagman </td>        <td align="left"> 2016-04-06 12:35:17pm </td>        <td align="left"> Query executed: INSERT INTO user_role_links(role_id, link_id) VALUES(&#039;3&#039;, &#039;69&#039;) </td>        <td align="left"> /barangay/sysadmin/role_permissions.php </td>    </tr>    <tr class="listText">
    <td align="center"> 125 </td>        <td align="center"> 125 </td>        <td align="left"> ::1 </td>        <td align="left"> krlagman </td>        <td align="left"> 2016-04-06 12:35:18pm </td>        <td align="left"> Query executed: INSERT INTO user_role_links(role_id, link_id) VALUES(&#039;3&#039;, &#039;77&#039;) </td>        <td align="left"> /barangay/sysadmin/role_permissions.php </td>    </tr>    <tr class="listTextAlt">
    <td align="center"> 126 </td>        <td align="center"> 126 </td>        <td align="left"> ::1 </td>        <td align="left"> krlagman </td>        <td align="left"> 2016-04-06 12:35:43pm </td>        <td align="left"> Query executed: SELECT bulletin_name,bulletin_description,file_document FROM bulletin WHERE category=&#039;information&#039;  </td>        <td align="left"> /barangay/modules/bsystem/home.php </td>    </tr>    <tr class="listText">
    <td align="center"> 127 </td>        <td align="center"> 127 </td>        <td align="left"> ::1 </td>        <td align="left"> krlagman </td>        <td align="left"> 2016-04-06 12:35:52pm </td>        <td align="left"> Logged in </td>        <td align="left"> /barangay/modules/bsystem/main.php </td>    </tr>    <tr class="listTextAlt">
    <td align="center"> 128 </td>        <td align="center"> 128 </td>        <td align="left"> ::1 </td>        <td align="left"> krlagman </td>        <td align="left"> 2016-04-06 12:35:52pm </td>        <td align="left"> Query executed: SELECT bulletin_name,bulletin_description,file_document FROM bulletin WHERE category=&#039;information&#039;  </td>        <td align="left"> /barangay/modules/bsystem/home.php </td>    </tr>    <tr class="listText">
    <td align="center"> 129 </td>        <td align="center"> 129 </td>        <td align="left"> ::1 </td>        <td align="left"> krlagman </td>        <td align="left"> 2016-04-06 12:36:00pm </td>        <td align="left"> Logged out </td>        <td align="left"> /barangay/end.php </td>    </tr>    <tr class="listTextAlt">
    <td align="center"> 130 </td>        <td align="center"> 130 </td>        <td align="left"> ::1 </td>        <td align="left"> krlagman </td>        <td align="left"> 2016-04-06 12:36:09pm </td>        <td align="left"> Logged in </td>        <td align="left"> /barangay/login.php </td>    </tr>    <tr class="listText">
    <td align="center"> 131 </td>        <td align="center"> 131 </td>        <td align="left"> ::1 </td>        <td align="left"> krlagman </td>        <td align="left"> 2016-04-06 12:36:27pm </td>        <td align="left"> Pressed cancel button </td>        <td align="left"> /barangay/sysadmin/add_user_passport_groups.php </td>    </tr>    <tr class="listTextAlt">
    <td align="center"> 132 </td>        <td align="center"> 132 </td>        <td align="left"> ::1 </td>        <td align="left"> krlagman </td>        <td align="left"> 2016-04-06 12:36:50pm </td>        <td align="left"> Logged out </td>        <td align="left"> /barangay/end.php </td>    </tr>    <tr class="listText">
    <td align="center"> 133 </td>        <td align="center"> 133 </td>        <td align="left"> ::1 </td>        <td align="left"> root </td>        <td align="left"> 2016-04-06 12:36:56pm </td>        <td align="left"> Logged in </td>        <td align="left"> /barangay/login.php </td>    </tr>    <tr class="listTextAlt">
    <td align="center"> 134 </td>        <td align="center"> 134 </td>        <td align="left"> ::1 </td>        <td align="left"> root </td>        <td align="left"> 2016-04-06 12:50:16pm </td>        <td align="left"> Query executed: SELECT bulletin_name,bulletin_description,file_document FROM bulletin WHERE category=&#039;education&#039;  </td>        <td align="left"> /barangay/modules/bsystem/information.php </td>    </tr>    <tr class="listText">
    <td align="center"> 135 </td>        <td align="center"> 135 </td>        <td align="left"> ::1 </td>        <td align="left"> root </td>        <td align="left"> 2016-04-06 12:50:18pm </td>        <td align="left"> Query executed: SELECT s.service_name, r.service_requirement FROM service s JOIN requirement r ON s.service_id = r.service_id WHERE is_offered=&#039;yes&#039; </td>        <td align="left"> /barangay/modules/bsystem/documents.php </td>    </tr>    <tr class="listTextAlt">
    <td align="center"> 136 </td>        <td align="center"> 136 </td>        <td align="left"> ::1 </td>        <td align="left"> root </td>        <td align="left"> 2016-04-06 12:50:18pm </td>        <td align="left"> Query executed: SELECT DISTINCT service_name, service_description FROM service WHERE is_offered=&#039;yes&#039; </td>        <td align="left"> /barangay/modules/bsystem/documents.php </td>    </tr>    <tr class="listText">
    <td align="center"> 137 </td>        <td align="center"> 137 </td>        <td align="left"> ::1 </td>        <td align="left"> krlagman </td>        <td align="left"> 2016-04-06 06:50:09pm </td>        <td align="left"> Logged in </td>        <td align="left"> /barangay/modules/bsystem/main.php </td>    </tr>    <tr class="listTextAlt">
    <td align="center"> 138 </td>        <td align="center"> 138 </td>        <td align="left"> ::1 </td>        <td align="left"> krlagman </td>        <td align="left"> 2016-04-06 06:50:09pm </td>        <td align="left"> Query executed: SELECT bulletin_name,bulletin_description,file_document FROM bulletin WHERE category=&#039;information&#039;  </td>        <td align="left"> /barangay/modules/bsystem/home.php </td>    </tr>    <tr class="listText">
    <td align="center"> 139 </td>        <td align="center"> 139 </td>        <td align="left"> ::1 </td>        <td align="left"> krlagman </td>        <td align="left"> 2016-04-06 06:50:35pm </td>        <td align="left"> Query executed: SELECT bulletin_name,bulletin_description,file_document FROM bulletin WHERE category=&#039;education&#039;  </td>        <td align="left"> /barangay/modules/bsystem/information.php </td>    </tr>    <tr class="listTextAlt">
    <td align="center"> 140 </td>        <td align="center"> 140 </td>        <td align="left"> ::1 </td>        <td align="left"> root </td>        <td align="left"> 2016-04-07 10:29:40am </td>        <td align="left"> Logged in </td>        <td align="left"> /barangay/modules/bsystem/main.php </td>    </tr>    <tr class="listText">
    <td align="center"> 141 </td>        <td align="center"> 141 </td>        <td align="left"> ::1 </td>        <td align="left"> root </td>        <td align="left"> 2016-04-07 10:29:41am </td>        <td align="left"> Query executed: SELECT bulletin_name,bulletin_description,file_document FROM bulletin WHERE category=&#039;information&#039;  </td>        <td align="left"> /barangay/modules/bsystem/home.php </td>    </tr>    <tr class="listTextAlt">
    <td align="center"> 142 </td>        <td align="center"> 142 </td>        <td align="left"> ::1 </td>        <td align="left"> krlagman </td>        <td align="left"> 2016-04-07 10:31:17am </td>        <td align="left"> Logged in </td>        <td align="left"> /barangay/modules/bsystem/main.php </td>    </tr>    <tr class="listText">
    <td align="center"> 143 </td>        <td align="center"> 143 </td>        <td align="left"> ::1 </td>        <td align="left"> krlagman </td>        <td align="left"> 2016-04-07 10:31:17am </td>        <td align="left"> Query executed: SELECT bulletin_name,bulletin_description,file_document FROM bulletin WHERE category=&#039;information&#039;  </td>        <td align="left"> /barangay/modules/bsystem/home.php </td>    </tr>    <tr class="listTextAlt">
    <td align="center"> 144 </td>        <td align="center"> 144 </td>        <td align="left"> ::1 </td>        <td align="left"> krlagman </td>        <td align="left"> 2016-04-07 10:31:17am </td>        <td align="left"> Query executed: SELECT bulletin_id,file_document FROM bulletin WHERE category=&#039;Main Event&#039; ORDER BY bulletin_id DESC  </td>        <td align="left"> /barangay/modules/bsystem/home.php </td>    </tr>    <tr class="listText">
    <td align="center"> 145 </td>        <td align="center"> 145 </td>        <td align="left"> ::1 </td>        <td align="left"> krlagman </td>        <td align="left"> 2016-04-07 10:31:24am </td>        <td align="left"> Query executed: SELECT s.service_name, r.service_requirement FROM service s JOIN requirement r ON s.service_id = r.service_id WHERE is_offered=&#039;yes&#039; </td>        <td align="left"> /barangay/modules/bsystem/documents.php </td>    </tr>    <tr class="listTextAlt">
    <td align="center"> 146 </td>        <td align="center"> 146 </td>        <td align="left"> ::1 </td>        <td align="left"> krlagman </td>        <td align="left"> 2016-04-07 10:31:24am </td>        <td align="left"> Query executed: SELECT DISTINCT service_name, service_description FROM service WHERE is_offered=&#039;yes&#039; </td>        <td align="left"> /barangay/modules/bsystem/documents.php </td>    </tr>    <tr class="listText">
    <td align="center"> 147 </td>        <td align="center"> 147 </td>        <td align="left"> ::1 </td>        <td align="left"> krlagman </td>        <td align="left"> 2016-04-07 10:31:26am </td>        <td align="left"> Query executed: SELECT bulletin_name,bulletin_description,file_document FROM bulletin WHERE category=&#039;education&#039;  </td>        <td align="left"> /barangay/modules/bsystem/information.php </td>    </tr>    <tr class="listTextAlt">
    <td align="center"> 148 </td>        <td align="center"> 148 </td>        <td align="left"> ::1 </td>        <td align="left"> krlagman </td>        <td align="left"> 2016-04-07 10:32:34am </td>        <td align="left"> Pressed submit button </td>        <td align="left"> /barangay/sysadmin/security_monitor.php </td>    </tr><tr style="background-color: #999999;">
<th align="center">148</th>    <th align="center">  </th>    <th align="left">  </th>    <th align="left">  </th>    <th align="left">  </th>    <th align="left">  </th>    <th align="left">  </th></tr>
</table>